
> frontend@0.1.0 start
> react-scripts start

Attempting to bind to HOST environment variable: arm64-apple-darwin20.0.0
If this was unintentional, check that you haven't mistakenly set it in your shell.
Learn more here: https://cra.link/advanced-config

(node:15097) [DEP0176] DeprecationWarning: fs.F_OK is deprecated, use fs.constants.F_OK instead
(Use `node --trace-deprecation ...` to show where the warning was created)
(node:15097) [DEP_WEBPACK_DEV_SERVER_ON_AFTER_SETUP_MIDDLEWARE] DeprecationWarning: 'onAfterSetupMiddleware' option is deprecated. Please use the 'setupMiddlewares' option.
(node:15097) [DEP_WEBPACK_DEV_SERVER_ON_BEFORE_SETUP_MIDDLEWARE] DeprecationWarning: 'onBeforeSetupMiddleware' option is deprecated. Please use the 'setupMiddlewares' option.
/Users/krishpaul/Work/Vs code/Pbl/frontend/node_modules/webpack-dev-server/lib/Server.js:2557
        throw error;
        ^

Error: getaddrinfo ENOTFOUND arm64-apple-darwin20.0.0
    at GetAddrInfoReqWrap.onlookupall [as oncomplete] (node:dns:122:26) {
  errno: -3008,
  code: 'ENOTFOUND',
  syscall: 'getaddrinfo',
  hostname: 'arm64-apple-darwin20.0.0'
}

Node.js v24.13.0
